<?xml version="1.0" encoding="utf-8"?><testsuites name="pytest tests"><testsuite name="pytest" errors="0" failures="0" skipped="0" tests="14" time="14.468" timestamp="2026-03-13T18:24:12.676175+00:00" hostname="agent-env-5bccef0c-6515-488a-b0db-09d87ba08861"><testcase classname="backend.tests.test_bulk_import_clients.TestBulkImportClientsEndpoint" name="test_bulk_import_single_valid_row" time="1.616" /><testcase classname="backend.tests.test_bulk_import_clients.TestBulkImportClientsEndpoint" name="test_bulk_import_multiple_valid_rows" time="0.904" /><testcase classname="backend.tests.test_bulk_import_clients.TestBulkImportClientsEndpoint" name="test_bulk_import_missing_required_fields" time="0.667" /><testcase classname="backend.tests.test_bulk_import_clients.TestBulkImportClientsEndpoint" name="test_bulk_import_duplicate_emails" time="1.140" /><testcase classname="backend.tests.test_bulk_import_clients.TestBulkImportClientsEndpoint" name="test_bulk_import_invalid_agent_email" time="0.529" /><testcase classname="backend.tests.test_bulk_import_clients.TestBulkImportClientsEndpoint" name="test_bulk_import_resolves_agent_email_to_id" time="1.822" /><testcase classname="backend.tests.test_bulk_import_clients.TestBulkImportClientsEndpoint" name="test_bulk_import_invalid_investment_amount" time="0.672" /><testcase classname="backend.tests.test_bulk_import_clients.TestBulkImportClientsEndpoint" name="test_bulk_import_empty_csv" time="0.489" /><testcase classname="backend.tests.test_bulk_import_clients.TestBulkImportClientsEndpoint" name="test_bulk_import_investment_and_login_created" time="1.799" /><testcase classname="backend.tests.test_bulk_import_clients.TestImportedClientLogin" name="test_imported_client_can_login" time="1.404" /><testcase classname="backend.tests.test_bulk_import_clients.TestImportedClientLogin" name="test_imported_client_wrong_password_fails" time="1.249" /><testcase classname="backend.tests.test_bulk_import_clients.TestBulkImportCredentialsResponse" name="test_credentials_list_structure" time="0.651" /><testcase classname="backend.tests.test_bulk_import_clients.TestBulkImportMixedScenarios" name="test_mixed_valid_and_invalid_rows" time="0.748" /><testcase classname="backend.tests.test_bulk_import_clients.TestBulkImportMixedScenarios" name="test_amount_with_formatting" time="0.549" /></testsuite></testsuites>