<?xml version="1.0" encoding="utf-8"?><testsuites name="pytest tests"><testsuite name="pytest" errors="0" failures="0" skipped="0" tests="12" time="8.751" timestamp="2026-03-13T17:55:31.361904+00:00" hostname="agent-env-5bccef0c-6515-488a-b0db-09d87ba08861"><testcase classname="backend.tests.test_franchise_phase3.TestClientAuthentication" name="test_client_login_success" time="0.756" /><testcase classname="backend.tests.test_franchise_phase3.TestClientAuthentication" name="test_client_login_invalid_credentials" time="0.563" /><testcase classname="backend.tests.test_franchise_phase3.TestClientAuthentication" name="test_client_login_nonexistent_email" time="0.568" /><testcase classname="backend.tests.test_franchise_phase3.TestAgentAuthentication" name="test_agent_login_success" time="0.702" /><testcase classname="backend.tests.test_franchise_phase3.TestAgentAuthentication" name="test_agent_login_invalid_credentials" time="0.552" /><testcase classname="backend.tests.test_franchise_phase3.TestClientDashboard" name="test_client_overview_endpoint" time="1.393" /><testcase classname="backend.tests.test_franchise_phase3.TestClientDashboard" name="test_client_overview_unauthorized" time="0.183" /><testcase classname="backend.tests.test_franchise_phase3.TestClientDashboard" name="test_client_overview_invalid_token" time="0.147" /><testcase classname="backend.tests.test_franchise_phase3.TestAgentDashboard" name="test_agent_overview_endpoint" time="1.531" /><testcase classname="backend.tests.test_franchise_phase3.TestAgentDashboard" name="test_agent_overview_unauthorized" time="0.156" /><testcase classname="backend.tests.test_franchise_phase3.TestFranchiseAdminStillWorks" name="test_admin_login_still_works" time="0.649" /><testcase classname="backend.tests.test_franchise_phase3.TestFranchiseAdminStillWorks" name="test_admin_overview_still_works" time="1.389" /></testsuite></testsuites>