<?xml version="1.0" encoding="utf-8"?><testsuites name="pytest tests"><testsuite name="pytest" errors="0" failures="0" skipped="0" tests="17" time="17.242" timestamp="2026-03-13T17:40:36.819369+00:00" hostname="agent-env-5bccef0c-6515-488a-b0db-09d87ba08861"><testcase classname="backend.tests.test_franchise_portal.TestFranchiseAuthEndpoints" name="test_franchise_login_endpoint_exists" time="0.185" /><testcase classname="backend.tests.test_franchise_portal.TestFranchiseAuthEndpoints" name="test_franchise_login_missing_credentials" time="0.593" /><testcase classname="backend.tests.test_franchise_portal.TestFranchiseAuthEndpoints" name="test_franchise_login_invalid_credentials" time="0.561" /><testcase classname="backend.tests.test_franchise_portal.TestFranchiseAuthEndpoints" name="test_franchise_login_success" time="0.653" /><testcase classname="backend.tests.test_franchise_portal.TestFranchiseAuthEndpoints" name="test_franchise_token_verification" time="1.129" /><testcase classname="backend.tests.test_franchise_portal.TestFranchiseAuthEndpoints" name="test_franchise_token_verification_invalid_token" time="0.277" /><testcase classname="backend.tests.test_franchise_portal.TestFranchiseDashboardEndpoints" name="test_dashboard_overview_endpoint" time="1.277" /><testcase classname="backend.tests.test_franchise_portal.TestFranchiseDashboardEndpoints" name="test_dashboard_portfolio_endpoint" time="1.158" /><testcase classname="backend.tests.test_franchise_portal.TestFranchiseDashboardEndpoints" name="test_dashboard_cashflow_endpoint" time="1.410" /><testcase classname="backend.tests.test_franchise_portal.TestFranchiseDashboardEndpoints" name="test_dashboard_clients_endpoint" time="1.150" /><testcase classname="backend.tests.test_franchise_portal.TestFranchiseDashboardEndpoints" name="test_dashboard_agents_endpoint" time="1.104" /><testcase classname="backend.tests.test_franchise_portal.TestFranchiseDashboardEndpoints" name="test_dashboard_commissions_endpoint" time="1.123" /><testcase classname="backend.tests.test_franchise_portal.TestFranchiseDashboardEndpoints" name="test_dashboard_instruments_endpoint" time="1.338" /><testcase classname="backend.tests.test_franchise_portal.TestFranchiseDashboardEndpoints" name="test_dashboard_risk_policy_endpoint" time="0.664" /><testcase classname="backend.tests.test_franchise_portal.TestFranchiseDashboardEndpoints" name="test_dashboard_endpoints_require_auth" time="1.912" /><testcase classname="backend.tests.test_franchise_portal.TestFranchiseMultiTenantFiltering" name="test_overview_returns_company_specific_data" time="1.280" /><testcase classname="backend.tests.test_franchise_portal.TestFranchiseMultiTenantFiltering" name="test_portfolio_filtered_by_company" time="1.255" /></testsuite></testsuites>