<?xml version="1.0" encoding="utf-8"?><testsuites name="pytest tests"><testsuite name="pytest" errors="0" failures="0" skipped="0" tests="8" time="6.206" timestamp="2026-03-01T14:17:18.834783+00:00" hostname="agent-env-f797b91c-cf46-4781-9825-16f7fcfc7d87"><testcase classname="tests.test_hull_risk_engine.TestHullRiskEngine" name="test_admin_login" time="0.846" /><testcase classname="tests.test_hull_risk_engine.TestHullRiskEngine" name="test_get_instrument_specs" time="0.564" /><testcase classname="tests.test_hull_risk_engine.TestHullRiskEngine" name="test_get_xauusd_specs" time="0.542" /><testcase classname="tests.test_hull_risk_engine.TestHullRiskEngine" name="test_calculate_max_lots_xauusd" time="0.595" /><testcase classname="tests.test_hull_risk_engine.TestHullRiskEngine" name="test_calculate_max_lots_eurusd" time="0.623" /><testcase classname="tests.test_hull_risk_engine.TestHullRiskEngine" name="test_get_risk_policy" time="0.571" /><testcase classname="tests.test_hull_risk_engine.TestHullRiskEngine" name="test_get_risk_narrative" time="1.182" /><testcase classname="tests.test_hull_risk_engine.TestTradingAnalyticsIntegration" name="test_trading_analytics_managers" time="1.158" /></testsuite></testsuites>