<?xml version="1.0" encoding="utf-8"?><testsuites name="pytest tests"><testsuite name="pytest" errors="0" failures="0" skipped="0" tests="11" time="3.554" timestamp="2026-03-02T17:57:31.854641+00:00" hostname="agent-env-54743159-4a86-4831-9239-6af0bec5d403"><testcase classname="tests.test_instruments_risk_tabs.TestInstrumentSpecifications" name="test_get_all_instruments" time="0.742" /><testcase classname="tests.test_instruments_risk_tabs.TestInstrumentSpecifications" name="test_instruments_have_required_fields" time="0.181" /><testcase classname="tests.test_instruments_risk_tabs.TestInstrumentSpecifications" name="test_instruments_by_asset_class" time="0.179" /><testcase classname="tests.test_instruments_risk_tabs.TestInstrumentSpecifications" name="test_fx_major_instruments" time="0.204" /><testcase classname="tests.test_instruments_risk_tabs.TestRiskPolicy" name="test_get_risk_policy" time="0.565" /><testcase classname="tests.test_instruments_risk_tabs.TestRiskPolicy" name="test_risk_policy_has_required_fields" time="0.205" /><testcase classname="tests.test_instruments_risk_tabs.TestRiskPolicy" name="test_risk_policy_valid_values" time="0.155" /><testcase classname="tests.test_instruments_risk_tabs.TestRiskPolicy" name="test_update_risk_policy" time="0.345" /><testcase classname="tests.test_instruments_risk_tabs.TestRiskPolicyRanges" name="test_policy_includes_ranges" time="0.601" /><testcase classname="tests.test_instruments_risk_tabs.TestEndpointAuthentication" name="test_instrument_specs_requires_auth" time="0.127" /><testcase classname="tests.test_instruments_risk_tabs.TestEndpointAuthentication" name="test_risk_policy_requires_auth" time="0.130" /></testsuite></testsuites>