<?xml version="1.0" encoding="utf-8"?><testsuites name="pytest tests"><testsuite name="pytest" errors="0" failures="0" skipped="0" tests="10" time="58.306" timestamp="2026-02-27T18:41:29.471686+00:00" hostname="agent-env-5fa2995d-981b-4cbd-a0ce-a589b1c2dde8"><testcase classname="backend.tests.test_live_demo_analytics.TestLiveDemoAnalytics" name="test_admin_login" time="0.762" /><testcase classname="backend.tests.test_live_demo_analytics.TestLiveDemoAnalytics" name="test_live_demo_analytics_managers_endpoint_exists" time="0.564" /><testcase classname="backend.tests.test_live_demo_analytics.TestLiveDemoAnalytics" name="test_live_demo_analytics_managers_returns_data" time="0.579" /><testcase classname="backend.tests.test_live_demo_analytics.TestLiveDemoAnalytics" name="test_live_demo_managers_data_structure" time="0.643" /><testcase classname="backend.tests.test_live_demo_analytics.TestLiveDemoAnalytics" name="test_live_demo_analytics_with_different_periods" time="1.556" /><testcase classname="backend.tests.test_live_demo_analytics.TestLiveDemoAnalytics" name="test_live_demo_ai_insights_endpoint" time="20.990" /><testcase classname="backend.tests.test_live_demo_analytics.TestLiveDemoAnalytics" name="test_live_demo_ai_chat_endpoint" time="9.637" /><testcase classname="backend.tests.test_live_demo_analytics.TestLiveDemoAnalytics" name="test_live_demo_ai_allocation_endpoint" time="14.483" /><testcase classname="backend.tests.test_live_demo_analytics.TestLiveDemoAnalytics" name="test_demo_vs_real_data_separation" time="8.516" /><testcase classname="backend.tests.test_live_demo_analytics.TestLiveDemoAnalytics" name="test_live_demo_accounts_list" time="0.406" /></testsuite></testsuites>