<?xml version="1.0" encoding="utf-8"?><testsuites name="pytest tests"><testsuite name="pytest" errors="0" failures="0" skipped="0" tests="14" time="15.272" timestamp="2026-03-13T18:07:39.010155+00:00" hostname="agent-env-5bccef0c-6515-488a-b0db-09d87ba08861"><testcase classname="backend.tests.test_onboarding_phase4.TestAgentsDropdown" name="test_get_agents_list" time="1.384" /><testcase classname="backend.tests.test_onboarding_phase4.TestOnboardClient" name="test_onboard_client_success" time="0.840" /><testcase classname="backend.tests.test_onboarding_phase4.TestOnboardClient" name="test_onboard_client_missing_fields" time="0.602" /><testcase classname="backend.tests.test_onboarding_phase4.TestOnboardClient" name="test_onboard_client_duplicate_email" time="1.589" /><testcase classname="backend.tests.test_onboarding_phase4.TestOnboardClient" name="test_onboard_client_invalid_agent" time="0.601" /><testcase classname="backend.tests.test_onboarding_phase4.TestOnboardAgent" name="test_onboard_agent_success" time="0.756" /><testcase classname="backend.tests.test_onboarding_phase4.TestOnboardAgent" name="test_onboard_agent_duplicate_email" time="1.258" /><testcase classname="backend.tests.test_onboarding_phase4.TestOnboardAgent" name="test_onboard_agent_commission_tiers" time="2.105" /><testcase classname="backend.tests.test_onboarding_phase4.TestCreatedClientLogin" name="test_created_client_can_login" time="1.470" /><testcase classname="backend.tests.test_onboarding_phase4.TestCreatedAgentLogin" name="test_created_agent_can_login" time="1.422" /><testcase classname="backend.tests.test_onboarding_phase4.TestCSVDataEndpoints" name="test_clients_endpoint_for_csv" time="0.795" /><testcase classname="backend.tests.test_onboarding_phase4.TestCSVDataEndpoints" name="test_agents_endpoint_for_csv" time="1.052" /><testcase classname="backend.tests.test_onboarding_phase4.TestCSVDataEndpoints" name="test_commissions_endpoint_for_csv" time="0.616" /><testcase classname="backend.tests.test_onboarding_phase4.TestCSVDataEndpoints" name="test_instruments_endpoint_for_csv" time="0.579" /></testsuite></testsuites>