<?xml version="1.0" encoding="utf-8"?><testsuites name="pytest tests"><testsuite name="pytest" errors="0" failures="0" skipped="1" tests="18" time="4.821" timestamp="2026-01-21T19:47:11.956898+00:00" hostname="agent-env-edd34de3-550e-480f-be7f-4c2672123486"><testcase classname="backend.tests.test_viking_api.TestVikingPRODeals" name="test_pro_deals_total_count" time="0.176" /><testcase classname="backend.tests.test_viking_api.TestVikingPRODeals" name="test_pro_deals_pagination" time="0.234" /><testcase classname="backend.tests.test_viking_api.TestVikingPRODeals" name="test_pro_deals_data_structure" time="0.126" /><testcase classname="backend.tests.test_viking_api.TestVikingCOREDeals" name="test_core_deals_endpoint_error" time="0.375"><skipped type="pytest.xfail" message="CORE deals endpoint has datetime comparison bug at line 616 - needs fix" /></testcase><testcase classname="backend.tests.test_viking_api.TestVikingAccounts" name="test_accounts_returns_both_strategies" time="0.308" /><testcase classname="backend.tests.test_viking_api.TestVikingAccounts" name="test_accounts_combined_totals" time="0.304" /><testcase classname="backend.tests.test_viking_api.TestVikingSummary" name="test_summary_returns_correct_deal_counts" time="0.309" /><testcase classname="backend.tests.test_viking_api.TestVikingSummary" name="test_summary_has_required_fields" time="0.309" /><testcase classname="backend.tests.test_viking_api.TestVikingSymbols" name="test_pro_symbols_total_trades" time="0.095" /><testcase classname="backend.tests.test_viking_api.TestVikingSymbols" name="test_core_symbols_total_trades" time="0.142" /><testcase classname="backend.tests.test_viking_api.TestVikingSymbols" name="test_symbols_distribution_structure" time="0.083" /><testcase classname="backend.tests.test_viking_api.TestVikingMonthlyReturns" name="test_pro_monthly_returns" time="0.166" /><testcase classname="backend.tests.test_viking_api.TestVikingMonthlyReturns" name="test_core_monthly_returns" time="0.223" /><testcase classname="backend.tests.test_viking_api.TestVikingInvalidStrategy" name="test_invalid_strategy_deals" time="0.054" /><testcase classname="backend.tests.test_viking_api.TestVikingInvalidStrategy" name="test_invalid_strategy_symbols" time="0.056" /><testcase classname="backend.tests.test_viking_api.TestVikingInvalidStrategy" name="test_invalid_strategy_monthly_returns" time="0.054" /><testcase classname="backend.tests.test_viking_api.TestVikingDataIntegrity" name="test_pro_deal_count_consistency" time="0.806" /><testcase classname="backend.tests.test_viking_api.TestVikingDataIntegrity" name="test_core_deal_count_consistency" time="0.748" /></testsuite></testsuites>