<?xml version="1.0" encoding="utf-8"?><testsuites name="pytest tests"><testsuite name="pytest" errors="0" failures="1" skipped="0" tests="18" time="4.847" timestamp="2026-01-21T19:46:31.906389+00:00" hostname="agent-env-edd34de3-550e-480f-be7f-4c2672123486"><testcase classname="backend.tests.test_viking_api.TestVikingPRODeals" name="test_pro_deals_total_count" time="0.174" /><testcase classname="backend.tests.test_viking_api.TestVikingPRODeals" name="test_pro_deals_pagination" time="0.236" /><testcase classname="backend.tests.test_viking_api.TestVikingPRODeals" name="test_pro_deals_data_structure" time="0.114" /><testcase classname="backend.tests.test_viking_api.TestVikingCOREDeals" name="test_core_deals_endpoint_error" time="0.396"><failure message="assert 520 == 200&#10; +  where 520 = &lt;Response [520]&gt;.status_code">backend/tests/test_viking_api.py:106: in test_core_deals_endpoint_error
    assert response.status_code == 200
E   assert 520 == 200
E    +  where 520 = &lt;Response [520]&gt;.status_code</failure></testcase><testcase classname="backend.tests.test_viking_api.TestVikingAccounts" name="test_accounts_returns_both_strategies" time="0.304" /><testcase classname="backend.tests.test_viking_api.TestVikingAccounts" name="test_accounts_combined_totals" time="0.316" /><testcase classname="backend.tests.test_viking_api.TestVikingSummary" name="test_summary_returns_correct_deal_counts" time="0.312" /><testcase classname="backend.tests.test_viking_api.TestVikingSummary" name="test_summary_has_required_fields" time="0.297" /><testcase classname="backend.tests.test_viking_api.TestVikingSymbols" name="test_pro_symbols_total_trades" time="0.091" /><testcase classname="backend.tests.test_viking_api.TestVikingSymbols" name="test_core_symbols_total_trades" time="0.140" /><testcase classname="backend.tests.test_viking_api.TestVikingSymbols" name="test_symbols_distribution_structure" time="0.089" /><testcase classname="backend.tests.test_viking_api.TestVikingMonthlyReturns" name="test_pro_monthly_returns" time="0.164" /><testcase classname="backend.tests.test_viking_api.TestVikingMonthlyReturns" name="test_core_monthly_returns" time="0.222" /><testcase classname="backend.tests.test_viking_api.TestVikingInvalidStrategy" name="test_invalid_strategy_deals" time="0.066" /><testcase classname="backend.tests.test_viking_api.TestVikingInvalidStrategy" name="test_invalid_strategy_symbols" time="0.050" /><testcase classname="backend.tests.test_viking_api.TestVikingInvalidStrategy" name="test_invalid_strategy_monthly_returns" time="0.053" /><testcase classname="backend.tests.test_viking_api.TestVikingDataIntegrity" name="test_pro_deal_count_consistency" time="0.793" /><testcase classname="backend.tests.test_viking_api.TestVikingDataIntegrity" name="test_core_deal_count_consistency" time="0.769" /></testsuite></testsuites>