<?xml version="1.0" encoding="utf-8"?><testsuites name="pytest tests"><testsuite name="pytest" errors="0" failures="0" skipped="0" tests="16" time="22.563" timestamp="2026-03-02T14:44:36.381370+00:00" hostname="agent-env-54743159-4a86-4831-9239-6af0bec5d403"><testcase classname="backend.tests.test_risk_limits_features.TestRiskAlertsSection" name="test_strategy_analysis_returns_alerts_for_breach_account" time="4.859" /><testcase classname="backend.tests.test_risk_limits_features.TestRiskAlertsSection" name="test_critical_alert_for_risk_breach" time="0.619" /><testcase classname="backend.tests.test_risk_limits_features.TestRiskAlertsSection" name="test_daily_loss_breach_alert" time="0.662" /><testcase classname="backend.tests.test_risk_limits_features.TestActionItemsSection" name="test_strategy_analysis_returns_action_items" time="7.419" /><testcase classname="backend.tests.test_risk_limits_features.TestActionItemsSection" name="test_high_priority_action_items" time="0.640" /><testcase classname="backend.tests.test_risk_limits_features.TestComplianceDetailsSection" name="test_compliance_details_structure" time="0.669" /><testcase classname="backend.tests.test_risk_limits_features.TestComplianceDetailsSection" name="test_lot_size_compliance_details" time="0.609" /><testcase classname="backend.tests.test_risk_limits_features.TestComplianceDetailsSection" name="test_per_instrument_compliance" time="0.631" /><testcase classname="backend.tests.test_risk_limits_features.TestComplianceDetailsSection" name="test_risk_per_trade_breach_details" time="0.617" /><testcase classname="backend.tests.test_risk_limits_features.TestWhatIfSimulator" name="test_whatif_endpoint_exists" time="0.865" /><testcase classname="backend.tests.test_risk_limits_features.TestWhatIfSimulator" name="test_whatif_comparison_structure" time="0.813" /><testcase classname="backend.tests.test_risk_limits_features.TestWhatIfSimulator" name="test_whatif_lot_limits_comparison" time="0.849" /><testcase classname="backend.tests.test_risk_limits_features.TestWhatIfSimulator" name="test_whatif_equity_scenarios" time="0.987" /><testcase classname="backend.tests.test_risk_limits_features.TestWhatIfSimulator" name="test_whatif_higher_equity_increases_limits" time="0.862" /><testcase classname="backend.tests.test_risk_limits_features.TestAccountWithNoBreaches" name="test_compliant_account_has_no_alerts" time="0.645" /><testcase classname="backend.tests.test_risk_limits_features.TestAccountWithNoBreaches" name="test_compliant_account_score" time="0.599" /></testsuite></testsuites>