<?xml version="1.0" encoding="utf-8"?><testsuites name="pytest tests"><testsuite name="pytest" errors="0" failures="0" skipped="0" tests="11" time="5.618" timestamp="2026-03-04T19:47:55.353400+00:00" hostname="agent-env-793fefb4-d121-46b8-b76f-412063ce165b"><testcase classname="tests.test_trading_hours_compliance.TestTradingHoursComplianceAPI" name="test_strategy_analysis_includes_trading_hours_compliance" time="1.120" /><testcase classname="tests.test_trading_hours_compliance.TestTradingHoursComplianceAPI" name="test_strategy_analysis_includes_trade_duration_analysis" time="0.920" /><testcase classname="tests.test_trading_hours_compliance.TestTradingHoursComplianceAPI" name="test_strategy_analysis_includes_time_distribution" time="0.938" /><testcase classname="tests.test_trading_hours_compliance.TestTradingHoursComplianceAPI" name="test_risk_policy_has_day_trading_settings" time="0.562" /><testcase classname="tests.test_trading_hours_compliance.TestOvernightBreachDetection" name="test_overnight_breach_detection_logic" time="0.150" /><testcase classname="tests.test_trading_hours_compliance.TestOvernightBreachDetection" name="test_same_day_trade_no_breach" time="0.001" /><testcase classname="tests.test_trading_hours_compliance.TestOvernightBreachDetection" name="test_overnight_allowed_no_breach" time="0.001" /><testcase classname="tests.test_trading_hours_compliance.TestOvernightBreachDetection" name="test_multiple_overnight_breaches" time="0.001" /><testcase classname="tests.test_trading_hours_compliance.TestLateTradeDetection" name="test_late_trade_detection_in_analysis" time="0.926" /><testcase classname="tests.test_trading_hours_compliance.TestRiskScorePenalties" name="test_overnight_penalty_in_risk_score" time="0.000" /><testcase classname="tests.test_trading_hours_compliance.TestFrontendDataIntegration" name="test_compliance_details_structure_for_frontend" time="0.891" /></testsuite></testsuites>